#
# A fatal error has been detected by the Java Runtime Environment:
#
#  EXCEPTION_ACCESS_VIOLATION (0xc0000005) at pc=0x000000005c761028, pid=19264, tid=0x0000000000003d14
#
# JRE version: Java(TM) SE Runtime Environment (8.0_291-b10) (build 1.8.0_291-b10)
# Java VM: Java HotSpot(TM) 64-Bit Server VM (25.291-b10 mixed mode windows-amd64 compressed oops)
# Problematic frame:
# V  [jvm.dll+0x101028]
#
# Failed to write core dump. Minidumps are not enabled by default on client versions of Windows
#
# If you would like to submit a bug report, please visit:
#   http://bugreport.java.com/bugreport/crash.jsp
#

---------------  T H R E A D  ---------------

Current thread (0x0000014e7ff39000):  VMThread [stack: 0x0000001d92800000,0x0000001d92900000] [id=15636]

siginfo: ExceptionCode=0xc0000005, reading address 0x0000014e085163e0

Registers:
RAX=0x00000000001fffe0, RBX=0x000000000000ffff, RCX=0x0000014e08315440, RDX=0x0000014e083163f0
RSP=0x0000001d928ff3c0, RBP=0x0000001d928ff469, RSI=0x000000000000ffff, RDI=0x0000014e08315440
R8 =0x0000000000000003, R9 =0x0000000000000003, R10=0x0000014e6a740960, R11=0x0000014e08315b19
R12=0x0000000000000000, R13=0x0000014e05431548, R14=0x00000000000000b6, R15=0x000000005c660000
RIP=0x000000005c761028, EFLAGS=0x0000000000010202

Top of Stack: (sp=0x0000001d928ff3c0)
0x0000001d928ff3c0:   0000014e08315b90 00000000000000b6
0x0000001d928ff3d0:   00000000000000b6 000000005c957090
0x0000001d928ff3e0:   0000000000000006 000000005c82e1a9
0x0000001d928ff3f0:   00000000000000b6 00000000000000b6
0x0000001d928ff400:   0000014e6ccbb180 000000005c6f7dcd
0x0000001d928ff410:   00004b35d85013c1 0000014e6ccbb180
0x0000001d928ff420:   0000000000028310 0000014e0658dee0
0x0000001d928ff430:   00004b35d8501321 000000005c6f819f
0x0000001d928ff440:   0000014e7ff386a0 000000005c6fca68
0x0000001d928ff450:   0000014e06592f98 000000000000ffff
0x0000001d928ff460:   0000014e0658afb0 000000005c70564b
0x0000001d928ff470:   0000014e7ff39000 000000005c76538e
0x0000001d928ff480:   0000001d928ff500 0000000000000000
0x0000001d928ff490:   000000005c660000 0000014e08315b49
0x0000001d928ff4a0:   0000000000000000 00000000000000b6
0x0000001d928ff4b0:   00000000000000b6 00000000000000b6 

Instructions: (pc=0x000000005c761028)
0x000000005c761008:   8d 0d 22 7c 4c 00 e8 5d ba 16 00 e8 d8 dc 18 00
0x000000005c761018:   48 8b 57 10 48 85 d2 74 0f 48 8b c3 48 c1 e0 05
0x000000005c761028:   48 8b 44 10 10 0f b7 d8 48 63 c3 0f b7 4c c7 50
0x000000005c761038:   48 8b 44 cf 50 48 89 44 24 30 f6 d0 48 8b 4c 24 


Register to memory mapping:

RAX=0x00000000001fffe0 is an unknown value
RBX=0x000000000000ffff is an unknown value
RCX=0x0000014e08315440 is pointing into metadata
RDX=0x0000014e083163f0 is pointing into metadata
RSP=0x0000001d928ff3c0 is an unknown value
RBP=0x0000001d928ff469 is an unknown value
RSI=0x000000000000ffff is an unknown value
RDI=0x0000014e08315440 is pointing into metadata
R8 =0x0000000000000003 is an unknown value
R9 =0x0000000000000003 is an unknown value
R10=0x0000014e6a740960 is an unknown value
R11=0x0000014e08315b19 is pointing into metadata
R12=0x0000000000000000 is an unknown value
R13=0x0000014e05431548 is pointing into metadata
R14=0x00000000000000b6 is an unknown value
R15=0x000000005c660000 is an unknown value


Stack: [0x0000001d92800000,0x0000001d92900000],  sp=0x0000001d928ff3c0,  free space=1020k
Native frames: (J=compiled Java code, j=interpreted, Vv=VM code, C=native code)
V  [jvm.dll+0x101028]
V  [jvm.dll+0x1ce1a9]
V  [jvm.dll+0x1cf0e0]
V  [jvm.dll+0x1bcc28]
V  [jvm.dll+0x1c19e3]
V  [jvm.dll+0x1be4bb]
V  [jvm.dll+0x245897]
V  [jvm.dll+0x244005]
V  [jvm.dll+0x24477c]
V  [jvm.dll+0x244a8c]
V  [jvm.dll+0x29210c]
C  [ucrtbase.dll+0x26c0c]
C  [KERNEL32.DLL+0x154e0]
C  [ntdll.dll+0x485b]

VM_Operation (0x0000001d92dff1d0): RedefineClasses, mode: safepoint, requested by thread 0x0000014e7ffb5000, redefining class co.com.interkont.avanzame.api.DocumentosRequerimientoObraApi



---------------  P R O C E S S  ---------------

Java Threads: ( => current thread )
  0x0000014e0424d800 JavaThread "DestroyJavaVM" [_thread_blocked, id=1384, stack(0x0000001d91f00000,0x0000001d92000000)]
  0x0000014e04248800 JavaThread "http-nio-8095-AsyncTimeout" daemon [_thread_blocked, id=1144, stack(0x0000001d95300000,0x0000001d95400000)]
  0x0000014e04246000 JavaThread "http-nio-8095-Acceptor-0" daemon [_thread_in_native, id=16044, stack(0x0000001d95200000,0x0000001d95300000)]
  0x0000014e04247800 JavaThread "http-nio-8095-ClientPoller-1" daemon [_thread_in_native, id=13444, stack(0x0000001d95100000,0x0000001d95200000)]
  0x0000014e0424d000 JavaThread "http-nio-8095-ClientPoller-0" daemon [_thread_in_native, id=9936, stack(0x0000001d95000000,0x0000001d95100000)]
  0x0000014e0424b800 JavaThread "http-nio-8095-exec-10" daemon [_thread_blocked, id=18712, stack(0x0000001d94f00000,0x0000001d95000000)]
  0x0000014e04247000 JavaThread "http-nio-8095-exec-9" daemon [_thread_blocked, id=16132, stack(0x0000001d94e00000,0x0000001d94f00000)]
  0x0000014e0424c000 JavaThread "http-nio-8095-exec-8" daemon [_thread_blocked, id=18280, stack(0x0000001d94d00000,0x0000001d94e00000)]
  0x0000014e04244000 JavaThread "http-nio-8095-exec-7" daemon [_thread_blocked, id=7812, stack(0x0000001d94c00000,0x0000001d94d00000)]
  0x0000014e0424a800 JavaThread "http-nio-8095-exec-6" daemon [_thread_blocked, id=8604, stack(0x0000001d94b00000,0x0000001d94c00000)]
  0x0000014e04249000 JavaThread "http-nio-8095-exec-5" daemon [_thread_blocked, id=13332, stack(0x0000001d94a00000,0x0000001d94b00000)]
  0x0000014e04244800 JavaThread "http-nio-8095-exec-4" daemon [_thread_blocked, id=9368, stack(0x0000001d94900000,0x0000001d94a00000)]
  0x0000014e04243000 JavaThread "http-nio-8095-exec-3" daemon [_thread_blocked, id=8152, stack(0x0000001d94800000,0x0000001d94900000)]
  0x0000014e0424a000 JavaThread "http-nio-8095-exec-2" daemon [_thread_blocked, id=19000, stack(0x0000001d94700000,0x0000001d94800000)]
  0x0000014e04245800 JavaThread "http-nio-8095-exec-1" daemon [_thread_blocked, id=10772, stack(0x0000001d94600000,0x0000001d94700000)]
  0x0000014e04242800 JavaThread "NioBlockingSelector.BlockPoller-1" daemon [_thread_in_native, id=16448, stack(0x0000001d94500000,0x0000001d94600000)]
  0x0000014e04a3f800 JavaThread "container-0" [_thread_blocked, id=15416, stack(0x0000001d94400000,0x0000001d94500000)]
  0x0000014e04a46000 JavaThread "ContainerBackgroundProcessor[StandardEngine[Tomcat]]" daemon [_thread_blocked, id=3380, stack(0x0000001d94300000,0x0000001d94400000)]
  0x0000014e04a44800 JavaThread "HikariPool-1 housekeeper" daemon [_thread_blocked, id=3788, stack(0x0000001d94100000,0x0000001d94200000)]
  0x0000014e04a41000 JavaThread "PostgreSQL-JDBC-SharedTimer-1" daemon [_thread_blocked, id=8468, stack(0x0000001d94000000,0x0000001d94100000)]
  0x0000014e03c3f000 JavaThread "JMX server connection timeout 22" daemon [_thread_blocked, id=12656, stack(0x0000001d93d00000,0x0000001d93e00000)]
  0x0000014e03c34800 JavaThread "RMI TCP Connection(14)-127.0.0.1" daemon [_thread_in_native, id=576, stack(0x0000001d93c00000,0x0000001d93d00000)]
  0x0000014e03c30800 JavaThread "RMI Scheduler(0)" daemon [_thread_blocked, id=12788, stack(0x0000001d93b00000,0x0000001d93c00000)]
  0x0000014e03236800 JavaThread "RMI TCP Accept-0" daemon [_thread_in_native, id=6024, stack(0x0000001d93700000,0x0000001d93800000)]
  0x0000014e031e8000 JavaThread "RMI TCP Accept-65003" daemon [_thread_in_native, id=2092, stack(0x0000001d93600000,0x0000001d93700000)]
  0x0000014e031cf000 JavaThread "RMI TCP Accept-0" daemon [_thread_in_native, id=4620, stack(0x0000001d93500000,0x0000001d93600000)]
  0x0000014e02a01800 JavaThread "Service Thread" daemon [_thread_blocked, id=8176, stack(0x0000001d93400000,0x0000001d93500000)]
  0x0000014e7ffe4800 JavaThread "C1 CompilerThread3" daemon [_thread_blocked, id=14768, stack(0x0000001d93300000,0x0000001d93400000)]
  0x0000014e7ffd7000 JavaThread "C2 CompilerThread2" daemon [_thread_blocked, id=13728, stack(0x0000001d93200000,0x0000001d93300000)]
  0x0000014e7ffd4800 JavaThread "C2 CompilerThread1" daemon [_thread_blocked, id=11028, stack(0x0000001d93100000,0x0000001d93200000)]
  0x0000014e7ffcb000 JavaThread "C2 CompilerThread0" daemon [_thread_blocked, id=16392, stack(0x0000001d93000000,0x0000001d93100000)]
  0x0000014e7ffbc000 JavaThread "JDWP Command Reader" daemon [_thread_in_native, id=15720, stack(0x0000001d92f00000,0x0000001d93000000)]
  0x0000014e7ffbb000 JavaThread "JDWP Event Helper Thread" daemon [_thread_blocked, id=14108, stack(0x0000001d92e00000,0x0000001d92f00000)]
  0x0000014e7ffb5000 JavaThread "JDWP Transport Listener: dt_socket" daemon [_thread_blocked, id=3132, stack(0x0000001d92d00000,0x0000001d92e00000)]
  0x0000014e7ff90800 JavaThread "Attach Listener" daemon [_thread_blocked, id=12272, stack(0x0000001d92c00000,0x0000001d92d00000)]
  0x0000014e7ff8f800 JavaThread "Signal Dispatcher" daemon [_thread_blocked, id=1668, stack(0x0000001d92b00000,0x0000001d92c00000)]
  0x0000014e7ff71000 JavaThread "Finalizer" daemon [_thread_blocked, id=9296, stack(0x0000001d92a00000,0x0000001d92b00000)]
  0x0000014e7ff41800 JavaThread "Reference Handler" daemon [_thread_blocked, id=6116, stack(0x0000001d92900000,0x0000001d92a00000)]

Other Threads:
=>0x0000014e7ff39000 VMThread [stack: 0x0000001d92800000,0x0000001d92900000] [id=15636]
  0x0000014e03240000 WatcherThread [stack: 0x0000001d93800000,0x0000001d93900000] [id=16620]

VM state:at safepoint (normal execution)

VM Mutex/Monitor currently owned by a thread:  ([mutex/lock_event])
[0x0000014e6a75aae0] Threads_lock - owner thread: 0x0000014e7ff39000

heap address: 0x0000000083000000, size: 2000 MB, Compressed Oops mode: 32-bit
Narrow klass base: 0x0000000000000000, Narrow klass shift: 3
Compressed class space size: 1073741824 Address: 0x0000000100000000

Heap:
 PSYoungGen      total 346624K, used 39810K [0x00000000d6580000, 0x00000000ed300000, 0x0000000100000000)
  eden space 327680K, 12% used [0x00000000d6580000,0x00000000d8c60930,0x00000000ea580000)
  from space 18944K, 0% used [0x00000000eb780000,0x00000000eb780000,0x00000000eca00000)
  to   space 18432K, 0% used [0x00000000ea580000,0x00000000ea580000,0x00000000eb780000)
 ParOldGen       total 117248K, used 35208K [0x0000000083000000, 0x000000008a280000, 0x00000000d6580000)
  object space 117248K, 30% used [0x0000000083000000,0x0000000085262118,0x000000008a280000)
 Metaspace       used 58515K, capacity 61208K, committed 61528K, reserved 1101824K
  class space    used 8045K, capacity 8503K, committed 8576K, reserved 1048576K

Card table byte_map: [0x0000014e7b500000,0x0000014e7b8f0000] byte_map_base: 0x0000014e7b0e8000

Marking Bits: (ParMarkBitMap*) 0x000000005ce47fe0
 Begin Bits: [0x0000014e7bb90000, 0x0000014e7dad0000)
 End Bits:   [0x0000014e7dad0000, 0x0000014e7fa10000)

Polling page: 0x0000014e6a820000

CodeCache: size=245760Kb used=11667Kb max_used=11753Kb free=234092Kb
 bounds [0x0000014e6c140000, 0x0000014e6ccc0000, 0x0000014e7b140000]
 total_blobs=6200 nmethods=5634 adapters=485
 compilation: enabled

Compilation events (10 events):
Event: 184.710 Thread 0x0000014e7ffe4800 5746       1       org.apache.catalina.webresources.CachedResource::getNextCheck (5 bytes)
Event: 184.710 Thread 0x0000014e7ffe4800 nmethod 5746 0x0000014e6c898cd0 code [0x0000014e6c898e20, 0x0000014e6c898f38]
Event: 196.102 Thread 0x0000014e7ffe4800 5747       1       java.util.concurrent.SynchronousQueue$TransferStack::shouldSpin (30 bytes)
Event: 196.103 Thread 0x0000014e7ffe4800 nmethod 5747 0x0000014e6c2e04d0 code [0x0000014e6c2e0620, 0x0000014e6c2e0798]
Event: 199.690 Thread 0x0000014e7ffe4800 5748       1       org.apache.tomcat.util.net.NioEndpoint::access$300 (5 bytes)
Event: 199.690 Thread 0x0000014e7ffe4800 nmethod 5748 0x0000014e6c3348d0 code [0x0000014e6c334a20, 0x0000014e6c334b18]
Event: 263.207 Thread 0x0000014e7ffe4800 5750       1       java.util.Collections$SetFromMap::iterator (10 bytes)
Event: 263.207 Thread 0x0000014e7ffe4800 nmethod 5750 0x0000014e6c452a10 code [0x0000014e6c452b60, 0x0000014e6c452cb0]
Event: 301.117 Thread 0x0000014e7ffe4800 5751       1       java.lang.Thread::setContextClassLoader (27 bytes)
Event: 301.118 Thread 0x0000014e7ffe4800 nmethod 5751 0x0000014e6c7e7950 code [0x0000014e6c7e7ac0, 0x0000014e6c7e7d00]

GC Heap History (10 events):
Event: 3.216 GC heap before
{Heap before GC invocations=11 (full 2):
 PSYoungGen      total 196608K, used 8211K [0x00000000d6580000, 0x00000000e8a80000, 0x0000000100000000)
  eden space 179200K, 0% used [0x00000000d6580000,0x00000000d6580000,0x00000000e1480000)
  from space 17408K, 47% used [0x00000000e1480000,0x00000000e1c84c78,0x00000000e2580000)
  to   space 16896K, 0% used [0x00000000e7a00000,0x00000000e7a00000,0x00000000e8a80000)
 ParOldGen       total 52224K, used 24068K [0x0000000083000000, 0x0000000086300000, 0x00000000d6580000)
  object space 52224K, 46% used [0x0000000083000000,0x00000000847810b0,0x0000000086300000)
 Metaspace       used 33715K, capacity 35296K, committed 35456K, reserved 1079296K
  class space    used 4549K, capacity 4888K, committed 4992K, reserved 1048576K
Event: 3.306 GC heap after
Heap after GC invocations=11 (full 2):
 PSYoungGen      total 196608K, used 0K [0x00000000d6580000, 0x00000000e8a80000, 0x0000000100000000)
  eden space 179200K, 0% used [0x00000000d6580000,0x00000000d6580000,0x00000000e1480000)
  from space 17408K, 0% used [0x00000000e1480000,0x00000000e1480000,0x00000000e2580000)
  to   space 16896K, 0% used [0x00000000e7a00000,0x00000000e7a00000,0x00000000e8a80000)
 ParOldGen       total 85504K, used 21454K [0x0000000083000000, 0x0000000088380000, 0x00000000d6580000)
  object space 85504K, 25% used [0x0000000083000000,0x00000000844f3870,0x0000000088380000)
 Metaspace       used 33715K, capacity 35296K, committed 35456K, reserved 1079296K
  class space    used 4549K, capacity 4888K, committed 4992K, reserved 1048576K
}
Event: 4.828 GC heap before
{Heap before GC invocations=12 (full 2):
 PSYoungGen      total 196608K, used 179200K [0x00000000d6580000, 0x00000000e8a80000, 0x0000000100000000)
  eden space 179200K, 100% used [0x00000000d6580000,0x00000000e1480000,0x00000000e1480000)
  from space 17408K, 0% used [0x00000000e1480000,0x00000000e1480000,0x00000000e2580000)
  to   space 16896K, 0% used [0x00000000e7a00000,0x00000000e7a00000,0x00000000e8a80000)
 ParOldGen       total 85504K, used 21454K [0x0000000083000000, 0x0000000088380000, 0x00000000d6580000)
  object space 85504K, 25% used [0x0000000083000000,0x00000000844f3870,0x0000000088380000)
 Metaspace       used 47015K, capacity 49142K, committed 49408K, reserved 1091584K
  class space    used 6439K, capacity 6869K, committed 6912K, reserved 1048576K
Event: 4.840 GC heap after
Heap after GC invocations=12 (full 2):
 PSYoungGen      total 262144K, used 16889K [0x00000000d6580000, 0x00000000e8a80000, 0x0000000100000000)
  eden space 245248K, 0% used [0x00000000d6580000,0x00000000d6580000,0x00000000e5500000)
  from space 16896K, 99% used [0x00000000e7a00000,0x00000000e8a7e758,0x00000000e8a80000)
  to   space 19456K, 0% used [0x00000000e6480000,0x00000000e6480000,0x00000000e7780000)
 ParOldGen       total 85504K, used 22159K [0x0000000083000000, 0x0000000088380000, 0x00000000d6580000)
  object space 85504K, 25% used [0x0000000083000000,0x00000000845a3cd8,0x0000000088380000)
 Metaspace       used 47015K, capacity 49142K, committed 49408K, reserved 1091584K
  class space    used 6439K, capacity 6869K, committed 6912K, reserved 1048576K
}
Event: 6.279 GC heap before
{Heap before GC invocations=13 (full 2):
 PSYoungGen      total 262144K, used 262137K [0x00000000d6580000, 0x00000000e8a80000, 0x0000000100000000)
  eden space 245248K, 100% used [0x00000000d6580000,0x00000000e5500000,0x00000000e5500000)
  from space 16896K, 99% used [0x00000000e7a00000,0x00000000e8a7e758,0x00000000e8a80000)
  to   space 19456K, 0% used [0x00000000e6480000,0x00000000e6480000,0x00000000e7780000)
 ParOldGen       total 85504K, used 22159K [0x0000000083000000, 0x0000000088380000, 0x00000000d6580000)
  object space 85504K, 25% used [0x0000000083000000,0x00000000845a3cd8,0x0000000088380000)
 Metaspace       used 50839K, capacity 53090K, committed 53248K, reserved 1095680K
  class space    used 6970K, capacity 7389K, committed 7424K, reserved 1048576K
Event: 6.291 GC heap after
Heap after GC invocations=13 (full 2):
 PSYoungGen      total 280576K, used 11285K [0x00000000d6580000, 0x00000000eca00000, 0x0000000100000000)
  eden space 261120K, 0% used [0x00000000d6580000,0x00000000d6580000,0x00000000e6480000)
  from space 19456K, 58% used [0x00000000e6480000,0x00000000e6f85410,0x00000000e7780000)
  to   space 18944K, 0% used [0x00000000eb780000,0x00000000eb780000,0x00000000eca00000)
 ParOldGen       total 85504K, used 29462K [0x0000000083000000, 0x0000000088380000, 0x00000000d6580000)
  object space 85504K, 34% used [0x0000000083000000,0x0000000084cc5b78,0x0000000088380000)
 Metaspace       used 50839K, capacity 53090K, committed 53248K, reserved 1095680K
  class space    used 6970K, capacity 7389K, committed 7424K, reserved 1048576K
}
Event: 16.288 GC heap before
{Heap before GC invocations=14 (full 2):
 PSYoungGen      total 280576K, used 184757K [0x00000000d6580000, 0x00000000eca00000, 0x0000000100000000)
  eden space 261120K, 66% used [0x00000000d6580000,0x00000000e0ee80c8,0x00000000e6480000)
  from space 19456K, 58% used [0x00000000e6480000,0x00000000e6f85410,0x00000000e7780000)
  to   space 18944K, 0% used [0x00000000eb780000,0x00000000eb780000,0x00000000eca00000)
 ParOldGen       total 85504K, used 29462K [0x0000000083000000, 0x0000000088380000, 0x00000000d6580000)
  object space 85504K, 34% used [0x0000000083000000,0x0000000084cc5b78,0x0000000088380000)
 Metaspace       used 56380K, capacity 58932K, committed 59096K, reserved 1099776K
  class space    used 7735K, capacity 8177K, committed 8192K, reserved 1048576K
Event: 16.302 GC heap after
Heap after GC invocations=14 (full 2):
 PSYoungGen      total 346624K, used 7717K [0x00000000d6580000, 0x00000000ed300000, 0x0000000100000000)
  eden space 327680K, 0% used [0x00000000d6580000,0x00000000d6580000,0x00000000ea580000)
  from space 18944K, 40% used [0x00000000eb780000,0x00000000ebf09690,0x00000000eca00000)
  to   space 18432K, 0% used [0x00000000ea580000,0x00000000ea580000,0x00000000eb780000)
 ParOldGen       total 85504K, used 34446K [0x0000000083000000, 0x0000000088380000, 0x00000000d6580000)
  object space 85504K, 40% used [0x0000000083000000,0x00000000851a3ba8,0x0000000088380000)
 Metaspace       used 56380K, capacity 58932K, committed 59096K, reserved 1099776K
  class space    used 7735K, capacity 8177K, committed 8192K, reserved 1048576K
}
Event: 16.302 GC heap before
{Heap before GC invocations=15 (full 3):
 PSYoungGen      total 346624K, used 7717K [0x00000000d6580000, 0x00000000ed300000, 0x0000000100000000)
  eden space 327680K, 0% used [0x00000000d6580000,0x00000000d6580000,0x00000000ea580000)
  from space 18944K, 40% used [0x00000000eb780000,0x00000000ebf09690,0x00000000eca00000)
  to   space 18432K, 0% used [0x00000000ea580000,0x00000000ea580000,0x00000000eb780000)
 ParOldGen       total 85504K, used 34446K [0x0000000083000000, 0x0000000088380000, 0x00000000d6580000)
  object space 85504K, 40% used [0x0000000083000000,0x00000000851a3ba8,0x0000000088380000)
 Metaspace       used 56380K, capacity 58932K, committed 59096K, reserved 1099776K
  class space    used 7735K, capacity 8177K, committed 8192K, reserved 1048576K
Event: 16.523 GC heap after
Heap after GC invocations=15 (full 3):
 PSYoungGen      total 346624K, used 0K [0x00000000d6580000, 0x00000000ed300000, 0x0000000100000000)
  eden space 327680K, 0% used [0x00000000d6580000,0x00000000d6580000,0x00000000ea580000)
  from space 18944K, 0% used [0x00000000eb780000,0x00000000eb780000,0x00000000eca00000)
  to   space 18432K, 0% used [0x00000000ea580000,0x00000000ea580000,0x00000000eb780000)
 ParOldGen       total 117248K, used 35208K [0x0000000083000000, 0x000000008a280000, 0x00000000d6580000)
  object space 117248K, 30% used [0x0000000083000000,0x0000000085262118,0x000000008a280000)
 Metaspace       used 56378K, capacity 58926K, committed 59096K, reserved 1099776K
  class space    used 7735K, capacity 8176K, committed 8192K, reserved 1048576K
}

Deoptimization events (0 events):
No events

Classes redefined (7 events):
Event: 103.924 Thread 0x0000014e7ff39000 redefined class name=co.com.interkont.avanzame.businnes.DocumentosRequerimientosObraBussines, count=1
Event: 124.755 Thread 0x0000014e7ff39000 redefined class name=co.com.interkont.avanzame.businnes.DocumentosRequerimientosObraBussines, count=2
Event: 128.552 Thread 0x0000014e7ff39000 redefined class name=co.com.interkont.avanzame.businnes.DocumentosRequerimientosObraBussines, count=3
Event: 185.874 Thread 0x0000014e7ff39000 redefined class name=co.com.interkont.avanzame.businnes.DocumentosRequerimientosObraBussines, count=4
Event: 195.422 Thread 0x0000014e7ff39000 redefined class name=co.com.interkont.avanzame.businnes.DocumentosRequerimientosObraBussines, count=5
Event: 268.334 Thread 0x0000014e7ff39000 redefined class name=co.com.interkont.avanzame.businnes.DocumentosRequerimientosObraBussines, count=6
Event: 271.858 Thread 0x0000014e7ff39000 redefined class name=co.com.interkont.avanzame.businnes.DocumentosRequerimientosObraBussines, count=7

Internal exceptions (10 events):
Event: 16.254 Thread 0x0000014e04245800 Exception <a 'java/lang/ArrayIndexOutOfBoundsException'> (0x00000000e0bf26c0) thrown at [C:\jenkins\workspace\8-2-build-windows-amd64-cygwin\jdk8u291\1294\hotspot\src\share\vm\runtime\sharedRuntime.cpp, line 609]
Event: 16.256 Thread 0x0000014e04245800 Exception <a 'java/lang/ArrayIndexOutOfBoundsException'> (0x00000000e0c26880) thrown at [C:\jenkins\workspace\8-2-build-windows-amd64-cygwin\jdk8u291\1294\hotspot\src\share\vm\runtime\sharedRuntime.cpp, line 609]
Event: 16.928 Thread 0x0000014e04245800 Exception <a 'java/lang/ArrayIndexOutOfBoundsException'> (0x00000000d6de7c28) thrown at [C:\jenkins\workspace\8-2-build-windows-amd64-cygwin\jdk8u291\1294\hotspot\src\share\vm\runtime\sharedRuntime.cpp, line 609]
Event: 16.973 Thread 0x0000014e04245800 Exception <a 'java/lang/ArrayIndexOutOfBoundsException'> (0x00000000d731b0b0) thrown at [C:\jenkins\workspace\8-2-build-windows-amd64-cygwin\jdk8u291\1294\hotspot\src\share\vm\runtime\sharedRuntime.cpp, line 609]
Event: 16.974 Thread 0x0000014e04245800 Exception <a 'java/lang/ArrayIndexOutOfBoundsException'> (0x00000000d731eef0) thrown at [C:\jenkins\workspace\8-2-build-windows-amd64-cygwin\jdk8u291\1294\hotspot\src\share\vm\runtime\sharedRuntime.cpp, line 609]
Event: 16.974 Thread 0x0000014e04245800 Exception <a 'java/lang/ArrayIndexOutOfBoundsException'> (0x00000000d7321cb0) thrown at [C:\jenkins\workspace\8-2-build-windows-amd64-cygwin\jdk8u291\1294\hotspot\src\share\vm\runtime\sharedRuntime.cpp, line 609]
Event: 16.976 Thread 0x0000014e04245800 Exception <a 'java/lang/ArrayIndexOutOfBoundsException'> (0x00000000d732c728) thrown at [C:\jenkins\workspace\8-2-build-windows-amd64-cygwin\jdk8u291\1294\hotspot\src\share\vm\runtime\sharedRuntime.cpp, line 609]
Event: 16.976 Thread 0x0000014e04245800 Exception <a 'java/lang/ArrayIndexOutOfBoundsException'> (0x00000000d7330568) thrown at [C:\jenkins\workspace\8-2-build-windows-amd64-cygwin\jdk8u291\1294\hotspot\src\share\vm\runtime\sharedRuntime.cpp, line 609]
Event: 16.976 Thread 0x0000014e04245800 Exception <a 'java/lang/ArrayIndexOutOfBoundsException'> (0x00000000d7333328) thrown at [C:\jenkins\workspace\8-2-build-windows-amd64-cygwin\jdk8u291\1294\hotspot\src\share\vm\runtime\sharedRuntime.cpp, line 609]
Event: 30.956 Thread 0x0000014e04245800 Exception <a 'java/lang/reflect/InvocationTargetException'> (0x00000000d7b52b40) thrown at [C:\jenkins\workspace\8-2-build-windows-amd64-cygwin\jdk8u291\1294\hotspot\src\share\vm\runtime\reflection.cpp, line 1092]

Events (10 events):
Event: 199.690 Thread 0x0000014e7ffe4800 flushing nmethod 0x0000014e6c452a10
Event: 268.314 Executing VM operation: RedefineClasses
Event: 268.335 Executing VM operation: RedefineClasses done
Event: 268.346 Executing VM operation: ChangeBreakpoints
Event: 268.348 Executing VM operation: ChangeBreakpoints done
Event: 271.836 Executing VM operation: RedefineClasses
Event: 271.859 Executing VM operation: RedefineClasses done
Event: 271.874 Executing VM operation: ChangeBreakpoints
Event: 271.876 Executing VM operation: ChangeBreakpoints done
Event: 302.623 Executing VM operation: RedefineClasses


Dynamic libraries:
0x00007ff6e7ce0000 - 0x00007ff6e7d27000 	C:\Program Files\Java\jre1.8.0_291\bin\javaw.exe
0x00007ff83b1c0000 - 0x00007ff83b3c9000 	C:\WINDOWS\SYSTEM32\ntdll.dll
0x00007ff839cc0000 - 0x00007ff839d7d000 	C:\WINDOWS\System32\KERNEL32.DLL
0x00007ff8386b0000 - 0x00007ff838a24000 	C:\WINDOWS\System32\KERNELBASE.dll
0x00007ff839a60000 - 0x00007ff839b0e000 	C:\WINDOWS\System32\ADVAPI32.dll
0x00007ff839760000 - 0x00007ff839803000 	C:\WINDOWS\System32\msvcrt.dll
0x00007ff83ab10000 - 0x00007ff83abae000 	C:\WINDOWS\System32\sechost.dll
0x00007ff83ad50000 - 0x00007ff83ae70000 	C:\WINDOWS\System32\RPCRT4.dll
0x00007ff8395b0000 - 0x00007ff83975c000 	C:\WINDOWS\System32\USER32.dll
0x00007ff839030000 - 0x00007ff839056000 	C:\WINDOWS\System32\win32u.dll
0x00007ff83aca0000 - 0x00007ff83acc9000 	C:\WINDOWS\System32\GDI32.dll
0x00007ff838aa0000 - 0x00007ff838bb2000 	C:\WINDOWS\System32\gdi32full.dll
0x00007ff838bc0000 - 0x00007ff838c5d000 	C:\WINDOWS\System32\msvcp_win.dll
0x00007ff838d20000 - 0x00007ff838e31000 	C:\WINDOWS\System32\ucrtbase.dll
0x00007ff81b760000 - 0x00007ff81ba05000 	C:\WINDOWS\WinSxS\amd64_microsoft.windows.common-controls_6595b64144ccf1df_6.0.22000.120_none_9d947278b86cc467\COMCTL32.dll
0x00007ff839c80000 - 0x00007ff839cb1000 	C:\WINDOWS\System32\IMM32.DLL
0x00007ff830420000 - 0x00007ff830435000 	C:\Program Files\Java\jre1.8.0_291\bin\vcruntime140.dll
0x00007ff81c000000 - 0x00007ff81c09b000 	C:\Program Files\Java\jre1.8.0_291\bin\msvcp140.dll
0x000000005c660000 - 0x000000005cec0000 	C:\Program Files\Java\jre1.8.0_291\bin\server\jvm.dll
0x00007ff83ad30000 - 0x00007ff83ad38000 	C:\WINDOWS\System32\PSAPI.DLL
0x00007ff814710000 - 0x00007ff814719000 	C:\WINDOWS\SYSTEM32\WSOCK32.dll
0x00007ff82e170000 - 0x00007ff82e17a000 	C:\WINDOWS\SYSTEM32\VERSION.dll
0x00007ff830000000 - 0x00007ff830033000 	C:\WINDOWS\SYSTEM32\WINMM.dll
0x00007ff8394e0000 - 0x00007ff83954f000 	C:\WINDOWS\System32\WS2_32.dll
0x00007ff837830000 - 0x00007ff837848000 	C:\WINDOWS\SYSTEM32\kernel.appcore.dll
0x00007ff830be0000 - 0x00007ff830bf0000 	C:\Program Files\Java\jre1.8.0_291\bin\verify.dll
0x00007ff820a90000 - 0x00007ff820abb000 	C:\Program Files\Java\jre1.8.0_291\bin\java.dll
0x00007ff831810000 - 0x00007ff831846000 	C:\Program Files\Java\jre1.8.0_291\bin\jdwp.dll
0x00007ff832560000 - 0x00007ff832569000 	C:\Program Files\Java\jre1.8.0_291\bin\npt.dll
0x00007ff8307e0000 - 0x00007ff8307f8000 	C:\Program Files\Java\jre1.8.0_291\bin\zip.dll
0x00007ff839f20000 - 0x00007ff83a6ce000 	C:\WINDOWS\System32\SHELL32.dll
0x00007ff836820000 - 0x00007ff837088000 	C:\WINDOWS\SYSTEM32\windows.storage.dll
0x00007ff83a6d0000 - 0x00007ff83aa48000 	C:\WINDOWS\System32\combase.dll
0x00007ff8366b0000 - 0x00007ff836816000 	C:\WINDOWS\SYSTEM32\wintypes.dll
0x00007ff83b070000 - 0x00007ff83b15a000 	C:\WINDOWS\System32\SHCORE.dll
0x00007ff839550000 - 0x00007ff8395ad000 	C:\WINDOWS\System32\shlwapi.dll
0x00007ff8385e0000 - 0x00007ff838601000 	C:\WINDOWS\SYSTEM32\profapi.dll
0x00007ff832520000 - 0x00007ff83252a000 	C:\Program Files\Java\jre1.8.0_291\bin\dt_socket.dll
0x00007ff8218f0000 - 0x00007ff821907000 	C:\WINDOWS\system32\napinsp.dll
0x00007ff8219c0000 - 0x00007ff8219db000 	C:\WINDOWS\system32\pnrpnsp.dll
0x00007ff837cd0000 - 0x00007ff837d37000 	C:\WINDOWS\System32\mswsock.dll
0x00007ff837380000 - 0x00007ff837467000 	C:\WINDOWS\SYSTEM32\DNSAPI.dll
0x00007ff837350000 - 0x00007ff83737d000 	C:\WINDOWS\SYSTEM32\IPHLPAPI.DLL
0x00007ff839060000 - 0x00007ff839069000 	C:\WINDOWS\System32\NSI.dll
0x00007ff8218d0000 - 0x00007ff8218e2000 	C:\WINDOWS\System32\winrnr.dll
0x00007ff8218b0000 - 0x00007ff8218c5000 	C:\WINDOWS\system32\wshbth.dll
0x00007ff821890000 - 0x00007ff8218af000 	C:\WINDOWS\system32\nlansp_c.dll
0x00007ff82bec0000 - 0x00007ff82bf41000 	C:\WINDOWS\System32\fwpuclnt.dll
0x00007ff81ed40000 - 0x00007ff81ed4a000 	C:\Windows\System32\rasadhlp.dll
0x00007ff830680000 - 0x00007ff83068d000 	C:\Program Files\Java\jre1.8.0_291\bin\management.dll
0x00007ff81ff00000 - 0x00007ff81ff1c000 	C:\Program Files\Java\jre1.8.0_291\bin\net.dll
0x00007ff81fee0000 - 0x00007ff81fef3000 	C:\Program Files\Java\jre1.8.0_291\bin\nio.dll
0x00007ff837f10000 - 0x00007ff837f28000 	C:\WINDOWS\SYSTEM32\CRYPTSP.dll
0x00007ff837780000 - 0x00007ff8377b5000 	C:\WINDOWS\system32\rsaenh.dll
0x00007ff837dc0000 - 0x00007ff837de9000 	C:\WINDOWS\SYSTEM32\USERENV.dll
0x00007ff838090000 - 0x00007ff8380b7000 	C:\WINDOWS\SYSTEM32\bcrypt.dll
0x00007ff838fb0000 - 0x00007ff83902f000 	C:\WINDOWS\System32\bcryptprimitives.dll
0x00007ff837f30000 - 0x00007ff837f3c000 	C:\WINDOWS\SYSTEM32\CRYPTBASE.dll
0x00007ff82f0d0000 - 0x00007ff82f0e9000 	C:\WINDOWS\SYSTEM32\dhcpcsvc6.DLL
0x00007ff82f710000 - 0x00007ff82f72e000 	C:\WINDOWS\SYSTEM32\dhcpcsvc.DLL
0x00007ff81b730000 - 0x00007ff81b754000 	C:\Program Files\Java\jre1.8.0_291\bin\sunec.dll
0x00007ff8361f0000 - 0x00007ff836411000 	C:\WINDOWS\SYSTEM32\dbghelp.dll

VM Arguments:
jvm_args: -agentlib:jdwp=transport=dt_socket,suspend=y,address=localhost:65004 -Dcom.sun.management.jmxremote -Dcom.sun.management.jmxremote.port=65003 -Dcom.sun.management.jmxremote.authenticate=false -Dcom.sun.management.jmxremote.ssl=false -Djava.rmi.server.hostname=localhost -Dspring.application.admin.enabled=true -Xverify:none -XX:TieredStopAtLevel=1 -Dfile.encoding=UTF-8 
java_command: co.com.interkont.avanzame.RequerimientosWsApplication --spring.output.ansi.enabled=always
java_class_path (initial): D:\InterKont\workspace\requerimientosME\target\classes;C:\Users\devel\.m2\repository\org\springframework\boot\spring-boot-starter-web\2.0.1.RELEASE\spring-boot-starter-web-2.0.1.RELEASE.jar;C:\Users\devel\.m2\repository\org\springframework\boot\spring-boot-starter\2.0.1.RELEASE\spring-boot-starter-2.0.1.RELEASE.jar;C:\Users\devel\.m2\repository\org\springframework\boot\spring-boot\2.0.1.RELEASE\spring-boot-2.0.1.RELEASE.jar;C:\Users\devel\.m2\repository\org\springframework\boot\spring-boot-autoconfigure\2.0.1.RELEASE\spring-boot-autoconfigure-2.0.1.RELEASE.jar;C:\Users\devel\.m2\repository\org\springframework\boot\spring-boot-starter-logging\2.0.1.RELEASE\spring-boot-starter-logging-2.0.1.RELEASE.jar;C:\Users\devel\.m2\repository\ch\qos\logback\logback-classic\1.2.3\logback-classic-1.2.3.jar;C:\Users\devel\.m2\repository\ch\qos\logback\logback-core\1.2.3\logback-core-1.2.3.jar;C:\Users\devel\.m2\repository\org\apache\logging\log4j\log4j-to-slf4j\2.10.0\log4j-to-slf4j-2.10.0.jar;C:\Users\devel\.m2\repository\org\apache\logging\log4j\log4j-api\2.10.0\log4j-api-2.10.0.jar;C:\Users\devel\.m2\repository\org\slf4j\jul-to-slf4j\1.7.25\jul-to-slf4j-1.7.25.jar;C:\Users\devel\.m2\repository\javax\annotation\javax.annotation-api\1.3.2\javax.annotation-api-1.3.2.jar;C:\Users\devel\.m2\repository\org\yaml\snakeyaml\1.19\snakeyaml-1.19.jar;C:\Users\devel\.m2\repository\org\springframework\boot\spring-boot-starter-json\2.0.1.RELEASE\spring-boot-starter-json-2.0.1.RELEASE.jar;C:\Users\devel\.m2\repository\com\fasterxml\jackson\datatype\jackson-datatype-jdk8\2.9.5\jackson-datatype-jdk8-2.9.5.jar;C:\Users\devel\.m2\repository\com\fasterxml\jackson\datatype\jackson-datatype-jsr310\2.9.5\jackson-datatype-jsr310-2.9.5.jar;C:\Users\devel\.m2\repository\com\fasterxml\jackson\module\jackson-module-parameter-names\2.9.5\jackson-module-parameter-names-2.9.5.jar;C:\Users\devel\.m2\repository\org\springframework\boot\spring-boot-starter-tomcat\2.0.1.RELEASE\spring-
Launcher Type: SUN_STANDARD

Environment Variables:
JAVA_HOME=C:\Program Files\Java\jre1.8.0_291
PATH=C:/Program Files/Java/jre1.8.0_291/bin/server;C:/Program Files/Java/jre1.8.0_291/bin;C:/Program Files/Java/jre1.8.0_291/lib/amd64;C:\Program Files\Common Files\Oracle\Java\javapath;C:\Program Files (x86)\Common Files\Oracle\Java\javapath;C:\WINDOWS\system32;C:\WINDOWS;C:\WINDOWS\System32\Wbem;C:\WINDOWS\System32\WindowsPowerShell\v1.0\;C:\WINDOWS\System32\OpenSSH\;C:\Program Files\Microsoft VS Code\bin;C:\Program Files\OpenVPN\bin;C:\Program Files\nodejs\;C:\Program Files\PuTTY\;C:\Program Files\Amazon\AWSCLI\bin\;C:\Program Files\Git\cmd;C:\Users\devel\AppData\Local\Microsoft\WindowsApps;C:\Users\devel\AppData\Roaming\npm;C:\Users\devel\AppData\Local\gitkraken\bin;%USERPROFILE%\AppData\Local\Microsoft\WindowsApps;;D:\sts-4.0.2.RELEASE;
USERNAME=dannysmuria
OS=Windows_NT
PROCESSOR_IDENTIFIER=Intel64 Family 6 Model 142 Stepping 12, GenuineIntel



---------------  S Y S T E M  ---------------

OS: Windows 10.0 , 64 bit Build 22000 (10.0.22000.434)

CPU:total 8 (initial active 8) (4 cores per cpu, 2 threads per core) family 6 model 142 stepping 12, cmov, cx8, fxsr, mmx, sse, sse2, sse3, ssse3, sse4.1, sse4.2, popcnt, avx, avx2, aes, clmul, erms, 3dnowpref, lzcnt, ht, tsc, tscinvbit, bmi1, bmi2, adx

Memory: 4k page, physical 8187892k(1616376k free), swap 19722228k(10111544k free)

vm_info: Java HotSpot(TM) 64-Bit Server VM (25.291-b10) for windows-amd64 JRE (1.8.0_291-b10), built on Apr  9 2021 00:02:00 by "java_re" with MS VC++ 15.9 (VS2017)

time: Mon Mar 21 21:30:04 2022
timezone: Hora estándar de Venezuela
elapsed time: 302.662182 seconds (0d 0h 5m 2s)

